<?xml version="1.0" encoding="UTF-8"?>
<!-- Generated by org.testng.reporters.JUnitReportReporter -->
<testsuite hostname="LTIN300153" failures="0" tests="6" name="test_Book.BaseClass" time="130.569" errors="0" timestamp="2024-03-20T09:41:59 IST" skipped="0">
  <testcase classname="test_Book.BaseClass" name="VerifyWebsite" time="15.406"/>
  <testcase classname="test_Book.BaseClass" name="displayBookShelves" time="47.236"/>
  <testcase classname="test_Book.BaseClass" name="ByAtHome" time="31.780"/>
  <testcase classname="test_Book.BaseClass" name="giftCard" time="13.763"/>
  <testcase classname="test_Book.BaseClass" name="giftCardformNegative" time="11.608"/>
  <testcase classname="test_Book.BaseClass" name="giftCardformPositive" time="10.776"/>
</testsuite> <!-- test_Book.BaseClass -->
