<?xml version="1.0" encoding="UTF-8"?>
<!-- Generated by org.testng.reporters.JUnitReportReporter -->
<testsuite hostname="LTIN300153" failures="0" tests="6" name="test_Book.BaseClass" time="135.446" errors="0" timestamp="2024-03-21T21:28:58 IST" skipped="0">
  <testcase classname="test_Book.BaseClass" name="VerifyWebsite" time="17.638"/>
  <testcase classname="test_Book.BaseClass" name="displayBookShelves" time="47.860"/>
  <testcase classname="test_Book.BaseClass" name="ByAtHome" time="32.220"/>
  <testcase classname="test_Book.BaseClass" name="giftCard" time="14.476"/>
  <testcase classname="test_Book.BaseClass" name="giftCardformNegative" time="12.076"/>
  <testcase classname="test_Book.BaseClass" name="giftCardformPositive" time="11.176"/>
</testsuite> <!-- test_Book.BaseClass -->
