<?xml version="1.0" encoding="UTF-8"?>
<!-- Generated by org.testng.reporters.JUnitReportReporter -->
<testsuite hostname="LTIN300153" failures="0" tests="6" name="test_Book.BaseClass" time="131.639" errors="0" timestamp="2024-03-09T12:24:08 IST" skipped="0">
  <testcase classname="test_Book.BaseClass" name="VerifyWebsite" time="15.858"/>
  <testcase classname="test_Book.BaseClass" name="displayBookShelves" time="46.809"/>
  <testcase classname="test_Book.BaseClass" name="ByAtHome" time="32.349"/>
  <testcase classname="test_Book.BaseClass" name="giftCard" time="12.548"/>
  <testcase classname="test_Book.BaseClass" name="giftCardformNegative" time="12.796"/>
  <testcase classname="test_Book.BaseClass" name="giftCardformPositive" time="11.279"/>
</testsuite> <!-- test_Book.BaseClass -->
