<?xml version="1.0" encoding="UTF-8"?>
<!-- Generated by org.testng.reporters.JUnitReportReporter -->
<testsuite hostname="LTIN300153" failures="0" tests="6" name="test_Book.BaseClass" time="159.722" errors="0" timestamp="2024-03-11T11:55:01 IST" skipped="0">
  <testcase classname="test_Book.BaseClass" name="VerifyWebsite" time="15.620"/>
  <testcase classname="test_Book.BaseClass" name="displayBookShelves" time="46.077"/>
  <testcase classname="test_Book.BaseClass" name="ByAtHome" time="32.301"/>
  <testcase classname="test_Book.BaseClass" name="giftCard" time="42.415"/>
  <testcase classname="test_Book.BaseClass" name="giftCardformNegative" time="12.381"/>
  <testcase classname="test_Book.BaseClass" name="giftCardformPositive" time="10.928"/>
</testsuite> <!-- test_Book.BaseClass -->
