<?xml version="1.0" encoding="UTF-8"?>
<!-- Generated by org.testng.reporters.JUnitReportReporter -->
<testsuite hostname="LTIN300153" failures="0" tests="6" name="test_Book.BaseClass" time="129.981" errors="0" timestamp="2024-03-12T23:33:02 IST" skipped="0">
  <testcase classname="test_Book.BaseClass" name="VerifyWebsite" time="15.689"/>
  <testcase classname="test_Book.BaseClass" name="displayBookShelves" time="46.919"/>
  <testcase classname="test_Book.BaseClass" name="ByAtHome" time="32.357"/>
  <testcase classname="test_Book.BaseClass" name="giftCard" time="12.065"/>
  <testcase classname="test_Book.BaseClass" name="giftCardformNegative" time="11.776"/>
  <testcase classname="test_Book.BaseClass" name="giftCardformPositive" time="11.175"/>
</testsuite> <!-- test_Book.BaseClass -->
