<?xml version="1.0" encoding="UTF-8"?>
<!-- Generated by org.testng.reporters.JUnitReportReporter -->
<testsuite hostname="LTIN300153" failures="0" tests="6" name="test_Book.BaseClass" time="137.131" errors="0" timestamp="2024-03-20T17:16:45 IST" skipped="0">
  <testcase classname="test_Book.BaseClass" name="VerifyWebsite" time="15.734"/>
  <testcase classname="test_Book.BaseClass" name="displayBookShelves" time="49.202"/>
  <testcase classname="test_Book.BaseClass" name="ByAtHome" time="32.291"/>
  <testcase classname="test_Book.BaseClass" name="giftCard" time="16.388"/>
  <testcase classname="test_Book.BaseClass" name="giftCardformNegative" time="12.356"/>
  <testcase classname="test_Book.BaseClass" name="giftCardformPositive" time="11.160"/>
</testsuite> <!-- test_Book.BaseClass -->
